SF:lib\models\filter\filter_settings.model.dart
DA:31,1
DA:34,0
DA:35,0
DA:38,0
DA:40,0
DA:41,0
DA:42,0
DA:43,0
DA:53,0
DA:55,0
DA:57,0
DA:59,0
DA:60,0
DA:61,0
DA:62,0
DA:63,0
DA:64,0
DA:65,0
DA:66,0
DA:70,0
DA:71,0
DA:73,0
DA:76,0
DA:77,0
DA:78,0
DA:79,0
DA:80,0
DA:82,0
DA:83,0
DA:85,0
DA:87,0
DA:88,0
DA:89,0
DA:90,0
DA:91,0
DA:92,0
DA:93,0
DA:95,0
DA:112,2
DA:114,0
DA:115,0
DA:118,0
DA:120,0
DA:121,0
DA:122,0
DA:123,0
DA:133,1
DA:135,1
DA:137,1
DA:138,3
DA:140,0
DA:141,0
DA:142,0
DA:144,2
LF:54
LH:7
end_of_record
SF:lib\bloc\filter\filter_bloc.dart
DA:14,1
DA:15,0
DA:17,1
DA:18,1
DA:21,0
DA:24,0
DA:26,0
DA:28,0
DA:29,0
DA:58,0
DA:59,0
DA:63,0
DA:64,0
DA:66,0
DA:67,0
DA:68,0
DA:69,0
DA:70,0
DA:71,0
DA:72,0
DA:73,0
LF:21
LH:3
end_of_record
SF:lib\bloc\filter\filter_event.dart
DA:7,0
DA:12,0
DA:14,0
DA:15,0
DA:19,0
DA:21,0
DA:22,0
DA:28,0
DA:30,0
DA:31,0
DA:38,0
DA:40,0
DA:41,0
DA:48,0
DA:50,0
DA:51,0
LF:16
LH:0
end_of_record
SF:lib\bloc\filter\filter_state.dart
DA:7,1
DA:9,0
DA:10,0
DA:22,0
DA:23,0
DA:25,0
DA:26,0
LF:7
LH:1
end_of_record
SF:lib\bloc\image\image_bloc.dart
DA:13,1
DA:15,1
DA:16,1
DA:19,1
DA:22,1
DA:23,2
DA:25,3
DA:26,4
DA:28,0
DA:30,1
DA:31,2
DA:33,4
DA:34,3
DA:36,0
DA:38,1
DA:39,2
DA:41,3
DA:42,2
DA:43,3
DA:45,0
DA:47,1
DA:48,3
DA:50,5
DA:51,3
DA:52,3
DA:53,4
DA:54,3
DA:56,0
LF:28
LH:24
end_of_record
SF:lib\bloc\image\image_event.dart
DA:7,1
DA:11,1
DA:13,0
DA:14,0
DA:18,1
DA:20,0
DA:25,1
DA:27,0
DA:28,0
DA:34,1
DA:36,0
LF:11
LH:5
end_of_record
SF:lib\bloc\image\image_state.dart
DA:9,1
DA:11,1
DA:12,1
DA:21,1
DA:30,1
DA:35,1
DA:39,1
LF:7
LH:7
end_of_record
SF:lib\models\filter\filter.model.dart
DA:9,0
DA:11,0
DA:12,0
DA:13,0
DA:14,2
DA:16,1
DA:17,2
DA:18,2
DA:19,2
DA:20,1
DA:21,3
DA:22,0
DA:23,0
DA:25,1
DA:28,0
DA:33,0
DA:34,0
DA:35,0
DA:37,0
DA:38,0
DA:41,0
DA:42,0
DA:44,0
DA:45,0
DA:46,0
DA:47,0
DA:48,0
DA:49,0
DA:50,0
DA:59,1
DA:61,4
DA:62,1
DA:64,1
DA:65,0
DA:68,1
LF:35
LH:13
end_of_record
SF:lib\repositories\filter_repository.dart
DA:8,1
DA:10,0
DA:13,0
DA:14,0
DA:15,0
DA:16,0
DA:18,0
DA:26,0
DA:28,0
DA:29,0
DA:31,0
DA:32,0
LF:12
LH:1
end_of_record
SF:lib\repositories\image_repository.dart
DA:13,1
DA:19,0
DA:20,0
DA:21,0
DA:22,0
DA:24,0
DA:28,0
DA:29,0
DA:33,0
DA:34,0
DA:35,0
DA:36,0
DA:37,0
DA:38,0
DA:41,0
DA:44,0
DA:45,0
DA:48,1
DA:49,1
DA:50,1
DA:51,1
DA:53,1
DA:54,1
DA:56,3
DA:57,1
DA:59,1
DA:60,2
DA:61,1
DA:62,1
DA:64,0
DA:68,1
DA:69,1
DA:70,1
DA:71,2
DA:74,2
DA:78,1
DA:79,1
DA:82,3
DA:83,3
DA:84,3
DA:85,1
DA:86,1
DA:88,1
DA:89,2
DA:90,1
DA:99,0
DA:100,0
DA:101,0
DA:102,0
DA:104,0
DA:105,0
LF:51
LH:28
end_of_record
