SF:lib\models\filter\filter_settings.model.dart
DA:30,1
DA:33,0
DA:34,0
DA:43,0
DA:45,0
DA:47,0
DA:49,0
DA:50,0
DA:51,0
DA:52,0
DA:53,0
DA:54,0
DA:55,0
DA:56,0
DA:60,0
DA:61,0
DA:63,0
DA:66,0
DA:67,0
DA:68,0
DA:69,0
DA:70,0
DA:72,0
DA:73,0
DA:75,0
DA:77,0
DA:78,0
DA:79,0
DA:80,0
DA:81,0
DA:82,0
DA:83,0
DA:85,0
DA:102,2
DA:104,0
DA:105,0
DA:114,1
DA:116,1
DA:118,1
DA:119,3
DA:121,1
DA:122,4
DA:123,6
DA:125,2
LF:44
LH:10
end_of_record
SF:lib\bloc\filter\filter_bloc.dart
DA:16,1
DA:17,0
DA:19,1
DA:20,1
DA:23,1
DA:26,1
DA:28,0
DA:30,0
DA:32,0
DA:33,0
DA:34,0
DA:35,0
DA:36,0
DA:37,0
DA:39,0
DA:40,0
DA:41,0
DA:42,0
DA:44,0
DA:45,0
DA:46,0
DA:47,0
DA:49,0
DA:53,0
DA:54,0
DA:55,0
DA:57,0
DA:59,0
DA:60,0
DA:64,0
DA:65,0
DA:67,1
DA:68,0
DA:69,0
DA:70,0
DA:71,0
DA:72,1
DA:73,2
DA:74,5
LF:39
LH:9
end_of_record
SF:lib\bloc\filter\filter_event.dart
DA:7,1
DA:12,0
DA:14,0
DA:15,0
DA:19,0
DA:21,0
DA:22,0
DA:28,0
DA:30,0
DA:31,0
DA:38,1
DA:40,0
DA:41,0
DA:48,0
DA:50,0
DA:51,0
LF:16
LH:2
end_of_record
SF:lib\bloc\filter\filter_state.dart
DA:7,1
DA:9,0
DA:10,0
DA:22,1
DA:23,0
DA:25,0
DA:26,0
LF:7
LH:2
end_of_record
SF:lib\bloc\image\image_bloc.dart
DA:12,0
DA:14,0
DA:15,0
DA:18,0
DA:21,0
DA:22,0
DA:24,0
DA:25,0
DA:27,0
DA:29,0
DA:30,0
DA:32,0
DA:33,0
DA:35,0
DA:37,0
DA:38,0
DA:40,0
DA:41,0
DA:42,0
DA:44,0
DA:46,0
DA:47,0
DA:49,0
DA:50,0
DA:51,0
DA:52,0
DA:54,0
LF:27
LH:0
end_of_record
SF:lib\bloc\image\image_event.dart
DA:6,0
DA:10,0
DA:12,0
DA:13,0
DA:17,0
DA:19,0
DA:24,0
DA:26,0
DA:27,0
DA:32,0
DA:34,0
LF:11
LH:0
end_of_record
SF:lib\bloc\image\image_state.dart
DA:9,0
DA:11,0
DA:12,0
DA:21,0
DA:30,0
DA:35,0
DA:39,0
LF:7
LH:0
end_of_record
SF:lib\models\filter\filter.model.dart
DA:10,0
DA:12,0
DA:13,0
DA:14,0
DA:16,0
DA:17,0
DA:18,0
DA:19,0
DA:20,0
DA:21,0
DA:22,0
DA:24,0
DA:27,0
DA:32,0
DA:33,0
DA:34,0
DA:36,0
DA:37,0
LF:18
LH:0
end_of_record
SF:lib\repositories\filter_repository.dart
DA:5,1
DA:7,0
DA:8,0
DA:9,0
LF:4
LH:1
end_of_record
SF:lib\repositories\image_repository.dart
DA:12,0
DA:17,0
DA:18,0
DA:19,0
DA:20,0
DA:22,0
DA:26,0
DA:27,0
DA:31,0
DA:32,0
DA:33,0
DA:34,0
DA:35,0
DA:36,0
DA:39,0
DA:42,0
DA:43,0
DA:46,0
DA:47,0
DA:48,0
DA:51,0
DA:52,0
DA:54,0
DA:55,0
DA:57,0
DA:58,0
DA:59,0
DA:65,0
DA:68,0
DA:69,0
DA:70,0
DA:73,0
DA:74,0
DA:77,0
DA:78,0
DA:79,0
DA:80,0
DA:81,0
DA:83,0
DA:84,0
DA:85,0
DA:94,0
DA:95,0
DA:96,0
DA:97,0
DA:99,0
DA:100,0
LF:47
LH:0
end_of_record
